time="2022-05-09T16:00:35+08:00" level=debug msg="OpenShift Installer 4.10.11"
time="2022-05-09T16:00:35+08:00" level=debug msg="Built from commit 08bc665c50ff867ffd81cfe8f485f2b7c501506b"
time="2022-05-09T16:00:35+08:00" level=debug msg="Fetching Install Config..."
time="2022-05-09T16:00:35+08:00" level=debug msg="Loading Install Config..."
time="2022-05-09T16:00:35+08:00" level=debug msg="  Loading SSH Key..."
time="2022-05-09T16:00:35+08:00" level=debug msg="  Loading Base Domain..."
time="2022-05-09T16:00:35+08:00" level=debug msg="    Loading Platform..."
time="2022-05-09T16:00:35+08:00" level=debug msg="  Loading Cluster Name..."
time="2022-05-09T16:00:35+08:00" level=debug msg="    Loading Base Domain..."
time="2022-05-09T16:00:35+08:00" level=debug msg="    Loading Platform..."
time="2022-05-09T16:00:35+08:00" level=debug msg="  Loading Networking..."
time="2022-05-09T16:00:35+08:00" level=debug msg="    Loading Platform..."
time="2022-05-09T16:00:35+08:00" level=debug msg="  Loading Pull Secret..."
time="2022-05-09T16:00:35+08:00" level=debug msg="  Loading Platform..."
time="2022-05-09T16:00:35+08:00" level=debug msg="  Fetching SSH Key..."
time="2022-05-09T16:00:35+08:00" level=debug msg="  Generating SSH Key..."
time="2022-05-09T16:00:49+08:00" level=debug msg="  Fetching Base Domain..."
time="2022-05-09T16:00:49+08:00" level=debug msg="    Fetching Platform..."
time="2022-05-09T16:00:49+08:00" level=debug msg="    Generating Platform..."
time="2022-05-09T16:00:58+08:00" level=info msg="Credentials loaded from file \"/root/.azure/osServicePrincipal.json\""
time="2022-05-09T16:00:58+08:00" level=fatal msg="failed to fetch Install Config: failed to fetch dependency of \"Install Config\": failed to fetch dependency of \"Base Domain\": failed to generate asset \"Platform\": failed to get list of regions: failed to list locations: azure.BearerAuthorizer#WithAuthorization: Failed to refresh the Token for request to https://management.azure.com/subscriptions/ede7f891-835c-4128-af5b-0e53848e54e7/locations?api-version=2016-06-01: StatusCode=400 -- Original Error: adal: Refresh request failed. Status Code = '400'. Response body: {\"error\":\"unauthorized_client\",\"error_description\":\"AADSTS700016: Application with identifier '802e0dba-1db9-4b65-85a6-34fc5410487d' was not found in the directory 'RHPDS'. This can happen if the application has not been installed by the administrator of the tenant or consented to by any user in the tenant. You may have sent your authentication request to the wrong tenant.\\r\\nTrace ID: 190feef4-1f10-4e4e-b7fb-923359586a00\\r\\nCorrelation ID: 2ee7196b-a61f-4b2b-a326-45e6bbb37fec\\r\\nTimestamp: 2022-05-09 08:00:58Z\",\"error_codes\":[700016],\"timestamp\":\"2022-05-09 08:00:58Z\",\"trace_id\":\"190feef4-1f10-4e4e-b7fb-923359586a00\",\"correlation_id\":\"2ee7196b-a61f-4b2b-a326-45e6bbb37fec\",\"error_uri\":\"https://login.microsoftonline.com/error?code=700016\"} Endpoint https://login.microsoftonline.com/1ce7852f-dcf3-42bc-afe6-3bf81ab984fb/oauth2/token?api-version=1.0"
time="2022-05-09T16:03:08+08:00" level=debug msg="OpenShift Installer 4.10.11"
time="2022-05-09T16:03:08+08:00" level=debug msg="Built from commit 08bc665c50ff867ffd81cfe8f485f2b7c501506b"
time="2022-05-09T16:03:08+08:00" level=debug msg="Fetching Install Config..."
time="2022-05-09T16:03:08+08:00" level=debug msg="Loading Install Config..."
time="2022-05-09T16:03:08+08:00" level=debug msg="  Loading SSH Key..."
time="2022-05-09T16:03:08+08:00" level=debug msg="  Loading Base Domain..."
time="2022-05-09T16:03:08+08:00" level=debug msg="    Loading Platform..."
time="2022-05-09T16:03:08+08:00" level=debug msg="  Loading Cluster Name..."
time="2022-05-09T16:03:08+08:00" level=debug msg="    Loading Base Domain..."
time="2022-05-09T16:03:08+08:00" level=debug msg="    Loading Platform..."
time="2022-05-09T16:03:08+08:00" level=debug msg="  Loading Networking..."
time="2022-05-09T16:03:08+08:00" level=debug msg="    Loading Platform..."
time="2022-05-09T16:03:08+08:00" level=debug msg="  Loading Pull Secret..."
time="2022-05-09T16:03:08+08:00" level=debug msg="  Loading Platform..."
time="2022-05-09T16:03:08+08:00" level=debug msg="  Fetching SSH Key..."
time="2022-05-09T16:03:08+08:00" level=debug msg="  Generating SSH Key..."
time="2022-05-09T16:03:10+08:00" level=debug msg="  Fetching Base Domain..."
time="2022-05-09T16:03:10+08:00" level=debug msg="    Fetching Platform..."
time="2022-05-09T16:03:10+08:00" level=debug msg="    Generating Platform..."
time="2022-05-09T16:03:12+08:00" level=debug msg="Could not get an azure authorizer from file. Asking user to provide authentication info"
time="2022-05-09T16:05:22+08:00" level=info msg="Saving user credentials to \"/root/.azure/osServicePrincipal.json\""
time="2022-05-09T16:05:22+08:00" level=info msg="Credentials loaded from file \"/root/.azure/osServicePrincipal.json\""
time="2022-05-09T16:05:34+08:00" level=debug msg="  Generating Base Domain..."
time="2022-05-09T16:05:52+08:00" level=debug msg="  Fetching Cluster Name..."
time="2022-05-09T16:05:52+08:00" level=debug msg="    Fetching Base Domain..."
time="2022-05-09T16:05:52+08:00" level=debug msg="    Reusing previously-fetched Base Domain"
time="2022-05-09T16:05:52+08:00" level=debug msg="    Fetching Platform..."
time="2022-05-09T16:05:52+08:00" level=debug msg="    Reusing previously-fetched Platform"
time="2022-05-09T16:05:52+08:00" level=debug msg="  Generating Cluster Name..."
time="2022-05-09T16:05:57+08:00" level=debug msg="  Fetching Networking..."
time="2022-05-09T16:05:57+08:00" level=debug msg="    Fetching Platform..."
time="2022-05-09T16:05:57+08:00" level=debug msg="    Reusing previously-fetched Platform"
time="2022-05-09T16:05:57+08:00" level=debug msg="  Generating Networking..."
time="2022-05-09T16:05:57+08:00" level=debug msg="  Fetching Pull Secret..."
time="2022-05-09T16:05:57+08:00" level=debug msg="  Generating Pull Secret..."
time="2022-05-09T16:06:33+08:00" level=debug msg="  Fetching Platform..."
time="2022-05-09T16:06:33+08:00" level=debug msg="  Reusing previously-fetched Platform"
time="2022-05-09T16:06:33+08:00" level=debug msg="Generating Install Config..."
time="2022-05-09T16:06:34+08:00" level=info msg="Install-Config created in: ."
time="2022-05-09T16:09:35+08:00" level=debug msg="OpenShift Installer 4.10.11"
time="2022-05-09T16:09:35+08:00" level=debug msg="Built from commit 08bc665c50ff867ffd81cfe8f485f2b7c501506b"
time="2022-05-09T16:09:35+08:00" level=debug msg="Fetching Master Machines..."
time="2022-05-09T16:09:35+08:00" level=debug msg="Loading Master Machines..."
time="2022-05-09T16:09:35+08:00" level=debug msg="  Loading Cluster ID..."
time="2022-05-09T16:09:35+08:00" level=debug msg="    Loading Install Config..."
time="2022-05-09T16:09:35+08:00" level=debug msg="      Loading SSH Key..."
time="2022-05-09T16:09:35+08:00" level=debug msg="      Using SSH Key loaded from state file"
time="2022-05-09T16:09:35+08:00" level=debug msg="      Loading Base Domain..."
time="2022-05-09T16:09:35+08:00" level=debug msg="        Loading Platform..."
time="2022-05-09T16:09:35+08:00" level=debug msg="        Using Platform loaded from state file"
time="2022-05-09T16:09:35+08:00" level=debug msg="      Using Base Domain loaded from state file"
time="2022-05-09T16:09:35+08:00" level=debug msg="      Loading Cluster Name..."
time="2022-05-09T16:09:35+08:00" level=debug msg="        Loading Base Domain..."
time="2022-05-09T16:09:35+08:00" level=debug msg="        Loading Platform..."
time="2022-05-09T16:09:35+08:00" level=debug msg="      Using Cluster Name loaded from state file"
time="2022-05-09T16:09:35+08:00" level=debug msg="      Loading Networking..."
time="2022-05-09T16:09:35+08:00" level=debug msg="        Loading Platform..."
time="2022-05-09T16:09:35+08:00" level=debug msg="      Using Networking loaded from state file"
time="2022-05-09T16:09:35+08:00" level=debug msg="      Loading Pull Secret..."
time="2022-05-09T16:09:35+08:00" level=debug msg="      Using Pull Secret loaded from state file"
time="2022-05-09T16:09:35+08:00" level=debug msg="      Loading Platform..."
time="2022-05-09T16:09:35+08:00" level=info msg="Credentials loaded from file \"/root/.azure/osServicePrincipal.json\""
time="2022-05-09T16:09:36+08:00" level=debug msg="    Loading Install Config from both state file and target directory"
time="2022-05-09T16:09:36+08:00" level=debug msg="    Using Install Config loaded from target directory"
time="2022-05-09T16:09:36+08:00" level=debug msg="  Loading Platform Credentials Check..."
time="2022-05-09T16:09:36+08:00" level=debug msg="    Loading Install Config..."
time="2022-05-09T16:09:36+08:00" level=debug msg="  Loading Install Config..."
time="2022-05-09T16:09:36+08:00" level=debug msg="  Loading Image..."
time="2022-05-09T16:09:36+08:00" level=debug msg="    Loading Install Config..."
time="2022-05-09T16:09:36+08:00" level=debug msg="  Loading Master Ignition Config..."
time="2022-05-09T16:09:36+08:00" level=debug msg="    Loading Install Config..."
time="2022-05-09T16:09:36+08:00" level=debug msg="    Loading Root CA..."
time="2022-05-09T16:09:36+08:00" level=debug msg="  Fetching Cluster ID..."
time="2022-05-09T16:09:36+08:00" level=debug msg="    Fetching Install Config..."
time="2022-05-09T16:09:36+08:00" level=debug msg="    Reusing previously-fetched Install Config"
time="2022-05-09T16:09:36+08:00" level=debug msg="  Generating Cluster ID..."
time="2022-05-09T16:09:36+08:00" level=debug msg="  Fetching Platform Credentials Check..."
time="2022-05-09T16:09:36+08:00" level=debug msg="    Fetching Install Config..."
time="2022-05-09T16:09:36+08:00" level=debug msg="    Reusing previously-fetched Install Config"
time="2022-05-09T16:09:36+08:00" level=debug msg="  Generating Platform Credentials Check..."
time="2022-05-09T16:09:36+08:00" level=debug msg="  Fetching Install Config..."
time="2022-05-09T16:09:36+08:00" level=debug msg="  Reusing previously-fetched Install Config"
time="2022-05-09T16:09:36+08:00" level=debug msg="  Fetching Image..."
time="2022-05-09T16:09:36+08:00" level=debug msg="    Fetching Install Config..."
time="2022-05-09T16:09:36+08:00" level=debug msg="    Reusing previously-fetched Install Config"
time="2022-05-09T16:09:36+08:00" level=debug msg="  Generating Image..."
time="2022-05-09T16:09:36+08:00" level=debug msg="  Fetching Master Ignition Config..."
time="2022-05-09T16:09:36+08:00" level=debug msg="    Fetching Install Config..."
time="2022-05-09T16:09:36+08:00" level=debug msg="    Reusing previously-fetched Install Config"
time="2022-05-09T16:09:36+08:00" level=debug msg="    Fetching Root CA..."
time="2022-05-09T16:09:36+08:00" level=debug msg="    Generating Root CA..."
time="2022-05-09T16:09:36+08:00" level=debug msg="  Generating Master Ignition Config..."
time="2022-05-09T16:09:36+08:00" level=debug msg="Generating Master Machines..."
time="2022-05-09T16:09:40+08:00" level=info msg="Consuming Install Config from target directory"
time="2022-05-09T16:09:40+08:00" level=debug msg="Purging asset \"Install Config\" from disk"
time="2022-05-09T16:09:40+08:00" level=debug msg="Fetching Worker Machines..."
time="2022-05-09T16:09:40+08:00" level=debug msg="Loading Worker Machines..."
time="2022-05-09T16:09:40+08:00" level=debug msg="  Loading Cluster ID..."
time="2022-05-09T16:09:40+08:00" level=debug msg="  Loading Platform Credentials Check..."
time="2022-05-09T16:09:40+08:00" level=debug msg="  Loading Install Config..."
time="2022-05-09T16:09:40+08:00" level=debug msg="  Loading Image..."
time="2022-05-09T16:09:40+08:00" level=debug msg="  Loading Worker Ignition Config..."
time="2022-05-09T16:09:40+08:00" level=debug msg="    Loading Install Config..."
time="2022-05-09T16:09:40+08:00" level=debug msg="    Loading Root CA..."
time="2022-05-09T16:09:40+08:00" level=debug msg="  Fetching Cluster ID..."
time="2022-05-09T16:09:40+08:00" level=debug msg="  Reusing previously-fetched Cluster ID"
time="2022-05-09T16:09:40+08:00" level=debug msg="  Fetching Platform Credentials Check..."
time="2022-05-09T16:09:40+08:00" level=debug msg="  Reusing previously-fetched Platform Credentials Check"
time="2022-05-09T16:09:40+08:00" level=debug msg="  Fetching Install Config..."
time="2022-05-09T16:09:40+08:00" level=debug msg="  Reusing previously-fetched Install Config"
time="2022-05-09T16:09:40+08:00" level=debug msg="  Fetching Image..."
time="2022-05-09T16:09:40+08:00" level=debug msg="  Reusing previously-fetched Image"
time="2022-05-09T16:09:40+08:00" level=debug msg="  Fetching Worker Ignition Config..."
time="2022-05-09T16:09:40+08:00" level=debug msg="    Fetching Install Config..."
time="2022-05-09T16:09:40+08:00" level=debug msg="    Reusing previously-fetched Install Config"
time="2022-05-09T16:09:40+08:00" level=debug msg="    Fetching Root CA..."
time="2022-05-09T16:09:40+08:00" level=debug msg="    Reusing previously-fetched Root CA"
time="2022-05-09T16:09:40+08:00" level=debug msg="  Generating Worker Ignition Config..."
time="2022-05-09T16:09:40+08:00" level=debug msg="Generating Worker Machines..."
time="2022-05-09T16:09:43+08:00" level=debug msg="Fetching Common Manifests..."
time="2022-05-09T16:09:43+08:00" level=debug msg="Loading Common Manifests..."
time="2022-05-09T16:09:43+08:00" level=debug msg="  Loading Cluster ID..."
time="2022-05-09T16:09:43+08:00" level=debug msg="  Loading Install Config..."
time="2022-05-09T16:09:43+08:00" level=debug msg="  Loading Ingress Config..."
time="2022-05-09T16:09:43+08:00" level=debug msg="    Loading Install Config..."
time="2022-05-09T16:09:43+08:00" level=debug msg="  Loading DNS Config..."
time="2022-05-09T16:09:43+08:00" level=debug msg="    Loading Install Config..."
time="2022-05-09T16:09:43+08:00" level=debug msg="    Loading Cluster ID..."
time="2022-05-09T16:09:43+08:00" level=debug msg="    Loading Platform Credentials Check..."
time="2022-05-09T16:09:43+08:00" level=debug msg="  Loading Infrastructure Config..."
time="2022-05-09T16:09:43+08:00" level=debug msg="    Loading Cluster ID..."
time="2022-05-09T16:09:43+08:00" level=debug msg="    Loading Install Config..."
time="2022-05-09T16:09:43+08:00" level=debug msg="    Loading Cloud Provider Config..."
time="2022-05-09T16:09:43+08:00" level=debug msg="      Loading Install Config..."
time="2022-05-09T16:09:43+08:00" level=debug msg="      Loading Cluster ID..."
time="2022-05-09T16:09:43+08:00" level=debug msg="      Loading Platform Credentials Check..."
time="2022-05-09T16:09:43+08:00" level=debug msg="    Loading Additional Trust Bundle Config..."
time="2022-05-09T16:09:43+08:00" level=debug msg="      Loading Install Config..."
time="2022-05-09T16:09:43+08:00" level=debug msg="  Loading Network Config..."
time="2022-05-09T16:09:43+08:00" level=debug msg="    Loading Install Config..."
time="2022-05-09T16:09:43+08:00" level=debug msg="    Loading Network CRDs..."
time="2022-05-09T16:09:43+08:00" level=debug msg="  Loading Proxy Config..."
time="2022-05-09T16:09:43+08:00" level=debug msg="    Loading Install Config..."
time="2022-05-09T16:09:43+08:00" level=debug msg="    Loading Network Config..."
time="2022-05-09T16:09:43+08:00" level=debug msg="  Loading Scheduler Config..."
time="2022-05-09T16:09:43+08:00" level=debug msg="    Loading Install Config..."
time="2022-05-09T16:09:43+08:00" level=debug msg="  Loading Image Content Source Policy..."
time="2022-05-09T16:09:43+08:00" level=debug msg="    Loading Install Config..."
time="2022-05-09T16:09:43+08:00" level=debug msg="  Loading Root CA..."
time="2022-05-09T16:09:43+08:00" level=debug msg="  Loading Certificate (mcs)..."
time="2022-05-09T16:09:43+08:00" level=debug msg="    Loading Root CA..."
time="2022-05-09T16:09:43+08:00" level=debug msg="    Loading Install Config..."
time="2022-05-09T16:09:43+08:00" level=debug msg="  Loading CVOOverrides..."
time="2022-05-09T16:09:43+08:00" level=debug msg="  Loading KubeCloudConfig..."
time="2022-05-09T16:09:43+08:00" level=debug msg="  Loading KubeSystemConfigmapRootCA..."
time="2022-05-09T16:09:43+08:00" level=debug msg="  Loading MachineConfigServerTLSSecret..."
time="2022-05-09T16:09:43+08:00" level=debug msg="  Loading OpenshiftConfigSecretPullSecret..."
time="2022-05-09T16:09:43+08:00" level=debug msg="  Fetching Cluster ID..."
time="2022-05-09T16:09:43+08:00" level=debug msg="  Reusing previously-fetched Cluster ID"
time="2022-05-09T16:09:43+08:00" level=debug msg="  Fetching Install Config..."
time="2022-05-09T16:09:43+08:00" level=debug msg="  Reusing previously-fetched Install Config"
time="2022-05-09T16:09:43+08:00" level=debug msg="  Fetching Ingress Config..."
time="2022-05-09T16:09:43+08:00" level=debug msg="    Fetching Install Config..."
time="2022-05-09T16:09:43+08:00" level=debug msg="    Reusing previously-fetched Install Config"
time="2022-05-09T16:09:43+08:00" level=debug msg="  Generating Ingress Config..."
time="2022-05-09T16:09:43+08:00" level=debug msg="  Fetching DNS Config..."
time="2022-05-09T16:09:43+08:00" level=debug msg="    Fetching Install Config..."
time="2022-05-09T16:09:43+08:00" level=debug msg="    Reusing previously-fetched Install Config"
time="2022-05-09T16:09:43+08:00" level=debug msg="    Fetching Cluster ID..."
time="2022-05-09T16:09:43+08:00" level=debug msg="    Reusing previously-fetched Cluster ID"
time="2022-05-09T16:09:43+08:00" level=debug msg="    Fetching Platform Credentials Check..."
time="2022-05-09T16:09:43+08:00" level=debug msg="    Reusing previously-fetched Platform Credentials Check"
time="2022-05-09T16:09:43+08:00" level=debug msg="  Generating DNS Config..."
time="2022-05-09T16:09:43+08:00" level=debug msg="  Fetching Infrastructure Config..."
time="2022-05-09T16:09:43+08:00" level=debug msg="    Fetching Cluster ID..."
time="2022-05-09T16:09:43+08:00" level=debug msg="    Reusing previously-fetched Cluster ID"
time="2022-05-09T16:09:43+08:00" level=debug msg="    Fetching Install Config..."
time="2022-05-09T16:09:43+08:00" level=debug msg="    Reusing previously-fetched Install Config"
time="2022-05-09T16:09:43+08:00" level=debug msg="    Fetching Cloud Provider Config..."
time="2022-05-09T16:09:43+08:00" level=debug msg="      Fetching Install Config..."
time="2022-05-09T16:09:43+08:00" level=debug msg="      Reusing previously-fetched Install Config"
time="2022-05-09T16:09:43+08:00" level=debug msg="      Fetching Cluster ID..."
time="2022-05-09T16:09:43+08:00" level=debug msg="      Reusing previously-fetched Cluster ID"
time="2022-05-09T16:09:43+08:00" level=debug msg="      Fetching Platform Credentials Check..."
time="2022-05-09T16:09:43+08:00" level=debug msg="      Reusing previously-fetched Platform Credentials Check"
time="2022-05-09T16:09:43+08:00" level=debug msg="    Generating Cloud Provider Config..."
time="2022-05-09T16:09:43+08:00" level=debug msg="    Fetching Additional Trust Bundle Config..."
time="2022-05-09T16:09:43+08:00" level=debug msg="      Fetching Install Config..."
time="2022-05-09T16:09:43+08:00" level=debug msg="      Reusing previously-fetched Install Config"
time="2022-05-09T16:09:43+08:00" level=debug msg="    Generating Additional Trust Bundle Config..."
time="2022-05-09T16:09:43+08:00" level=debug msg="  Generating Infrastructure Config..."
time="2022-05-09T16:09:43+08:00" level=debug msg="  Fetching Network Config..."
time="2022-05-09T16:09:43+08:00" level=debug msg="    Fetching Install Config..."
time="2022-05-09T16:09:43+08:00" level=debug msg="    Reusing previously-fetched Install Config"
time="2022-05-09T16:09:43+08:00" level=debug msg="    Fetching Network CRDs..."
time="2022-05-09T16:09:43+08:00" level=debug msg="    Generating Network CRDs..."
time="2022-05-09T16:09:43+08:00" level=debug msg="  Generating Network Config..."
time="2022-05-09T16:09:43+08:00" level=debug msg="  Fetching Proxy Config..."
time="2022-05-09T16:09:43+08:00" level=debug msg="    Fetching Install Config..."
time="2022-05-09T16:09:43+08:00" level=debug msg="    Reusing previously-fetched Install Config"
time="2022-05-09T16:09:43+08:00" level=debug msg="    Fetching Network Config..."
time="2022-05-09T16:09:43+08:00" level=debug msg="    Reusing previously-fetched Network Config"
time="2022-05-09T16:09:43+08:00" level=debug msg="  Generating Proxy Config..."
time="2022-05-09T16:09:43+08:00" level=debug msg="  Fetching Scheduler Config..."
time="2022-05-09T16:09:43+08:00" level=debug msg="    Fetching Install Config..."
time="2022-05-09T16:09:43+08:00" level=debug msg="    Reusing previously-fetched Install Config"
time="2022-05-09T16:09:43+08:00" level=debug msg="  Generating Scheduler Config..."
time="2022-05-09T16:09:43+08:00" level=debug msg="  Fetching Image Content Source Policy..."
time="2022-05-09T16:09:43+08:00" level=debug msg="    Fetching Install Config..."
time="2022-05-09T16:09:43+08:00" level=debug msg="    Reusing previously-fetched Install Config"
time="2022-05-09T16:09:43+08:00" level=debug msg="  Generating Image Content Source Policy..."
time="2022-05-09T16:09:43+08:00" level=debug msg="  Fetching Root CA..."
time="2022-05-09T16:09:43+08:00" level=debug msg="  Reusing previously-fetched Root CA"
time="2022-05-09T16:09:43+08:00" level=debug msg="  Fetching Certificate (mcs)..."
time="2022-05-09T16:09:43+08:00" level=debug msg="    Fetching Root CA..."
time="2022-05-09T16:09:43+08:00" level=debug msg="    Reusing previously-fetched Root CA"
time="2022-05-09T16:09:43+08:00" level=debug msg="    Fetching Install Config..."
time="2022-05-09T16:09:43+08:00" level=debug msg="    Reusing previously-fetched Install Config"
time="2022-05-09T16:09:43+08:00" level=debug msg="  Generating Certificate (mcs)..."
time="2022-05-09T16:09:43+08:00" level=debug msg="  Fetching CVOOverrides..."
time="2022-05-09T16:09:43+08:00" level=debug msg="  Generating CVOOverrides..."
time="2022-05-09T16:09:43+08:00" level=debug msg="  Fetching KubeCloudConfig..."
time="2022-05-09T16:09:43+08:00" level=debug msg="  Generating KubeCloudConfig..."
time="2022-05-09T16:09:43+08:00" level=debug msg="  Fetching KubeSystemConfigmapRootCA..."
time="2022-05-09T16:09:43+08:00" level=debug msg="  Generating KubeSystemConfigmapRootCA..."
time="2022-05-09T16:09:43+08:00" level=debug msg="  Fetching MachineConfigServerTLSSecret..."
time="2022-05-09T16:09:43+08:00" level=debug msg="  Generating MachineConfigServerTLSSecret..."
time="2022-05-09T16:09:43+08:00" level=debug msg="  Fetching OpenshiftConfigSecretPullSecret..."
time="2022-05-09T16:09:43+08:00" level=debug msg="  Generating OpenshiftConfigSecretPullSecret..."
time="2022-05-09T16:09:43+08:00" level=debug msg="Generating Common Manifests..."
time="2022-05-09T16:09:43+08:00" level=debug msg="Fetching Openshift Manifests..."
time="2022-05-09T16:09:43+08:00" level=debug msg="Loading Openshift Manifests..."
time="2022-05-09T16:09:43+08:00" level=debug msg="  Loading Install Config..."
time="2022-05-09T16:09:43+08:00" level=debug msg="  Loading Cluster ID..."
time="2022-05-09T16:09:43+08:00" level=debug msg="  Loading Kubeadmin Password..."
time="2022-05-09T16:09:43+08:00" level=debug msg="  Loading OpenShift Install (Manifests)..."
time="2022-05-09T16:09:43+08:00" level=debug msg="  Loading CloudCredsSecret..."
time="2022-05-09T16:09:43+08:00" level=debug msg="  Loading KubeadminPasswordSecret..."
time="2022-05-09T16:09:43+08:00" level=debug msg="  Loading RoleCloudCredsSecretReader..."
time="2022-05-09T16:09:43+08:00" level=debug msg="  Loading Baremetal Config CR..."
time="2022-05-09T16:09:43+08:00" level=debug msg="  Loading Image..."
time="2022-05-09T16:09:43+08:00" level=debug msg="  Loading AzureCloudProviderSecret..."
time="2022-05-09T16:09:43+08:00" level=debug msg="  Fetching Install Config..."
time="2022-05-09T16:09:43+08:00" level=debug msg="  Reusing previously-fetched Install Config"
time="2022-05-09T16:09:43+08:00" level=debug msg="  Fetching Cluster ID..."
time="2022-05-09T16:09:43+08:00" level=debug msg="  Reusing previously-fetched Cluster ID"
time="2022-05-09T16:09:43+08:00" level=debug msg="  Fetching Kubeadmin Password..."
time="2022-05-09T16:09:43+08:00" level=debug msg="  Generating Kubeadmin Password..."
time="2022-05-09T16:09:43+08:00" level=debug msg="  Fetching OpenShift Install (Manifests)..."
time="2022-05-09T16:09:43+08:00" level=debug msg="  Generating OpenShift Install (Manifests)..."
time="2022-05-09T16:09:43+08:00" level=debug msg="  Fetching CloudCredsSecret..."
time="2022-05-09T16:09:43+08:00" level=debug msg="  Generating CloudCredsSecret..."
time="2022-05-09T16:09:43+08:00" level=debug msg="  Fetching KubeadminPasswordSecret..."
time="2022-05-09T16:09:43+08:00" level=debug msg="  Generating KubeadminPasswordSecret..."
time="2022-05-09T16:09:43+08:00" level=debug msg="  Fetching RoleCloudCredsSecretReader..."
time="2022-05-09T16:09:43+08:00" level=debug msg="  Generating RoleCloudCredsSecretReader..."
time="2022-05-09T16:09:43+08:00" level=debug msg="  Fetching Baremetal Config CR..."
time="2022-05-09T16:09:43+08:00" level=debug msg="  Generating Baremetal Config CR..."
time="2022-05-09T16:09:43+08:00" level=debug msg="  Fetching Image..."
time="2022-05-09T16:09:43+08:00" level=debug msg="  Reusing previously-fetched Image"
time="2022-05-09T16:09:43+08:00" level=debug msg="  Fetching AzureCloudProviderSecret..."
time="2022-05-09T16:09:43+08:00" level=debug msg="  Generating AzureCloudProviderSecret..."
time="2022-05-09T16:09:43+08:00" level=debug msg="Generating Openshift Manifests..."
time="2022-05-09T16:09:43+08:00" level=info msg="Manifests created in: manifests and openshift"
time="2022-05-09T16:27:43+08:00" level=debug msg="OpenShift Installer 4.10.11"
time="2022-05-09T16:27:43+08:00" level=debug msg="Built from commit 08bc665c50ff867ffd81cfe8f485f2b7c501506b"
time="2022-05-09T16:27:43+08:00" level=debug msg="Fetching Kubeconfig Admin Client..."
time="2022-05-09T16:27:43+08:00" level=debug msg="Loading Kubeconfig Admin Client..."
time="2022-05-09T16:27:43+08:00" level=debug msg="  Loading Certificate (admin-kubeconfig-client)..."
time="2022-05-09T16:27:43+08:00" level=debug msg="    Loading Certificate (admin-kubeconfig-signer)..."
time="2022-05-09T16:27:43+08:00" level=debug msg="  Loading Certificate (kube-apiserver-complete-server-ca-bundle)..."
time="2022-05-09T16:27:43+08:00" level=debug msg="    Loading Certificate (kube-apiserver-localhost-ca-bundle)..."
time="2022-05-09T16:27:43+08:00" level=debug msg="      Loading Certificate (kube-apiserver-localhost-signer)..."
time="2022-05-09T16:27:43+08:00" level=debug msg="    Loading Certificate (kube-apiserver-service-network-ca-bundle)..."
time="2022-05-09T16:27:43+08:00" level=debug msg="      Loading Certificate (kube-apiserver-service-network-signer)..."
time="2022-05-09T16:27:43+08:00" level=debug msg="    Loading Certificate (kube-apiserver-lb-ca-bundle)..."
time="2022-05-09T16:27:43+08:00" level=debug msg="      Loading Certificate (kube-apiserver-lb-signer)..."
time="2022-05-09T16:27:43+08:00" level=debug msg="  Loading Install Config..."
time="2022-05-09T16:27:43+08:00" level=debug msg="    Loading SSH Key..."
time="2022-05-09T16:27:43+08:00" level=debug msg="    Using SSH Key loaded from state file"
time="2022-05-09T16:27:43+08:00" level=debug msg="    Loading Base Domain..."
time="2022-05-09T16:27:43+08:00" level=debug msg="      Loading Platform..."
time="2022-05-09T16:27:43+08:00" level=debug msg="      Using Platform loaded from state file"
time="2022-05-09T16:27:43+08:00" level=debug msg="    Using Base Domain loaded from state file"
time="2022-05-09T16:27:43+08:00" level=debug msg="    Loading Cluster Name..."
time="2022-05-09T16:27:43+08:00" level=debug msg="      Loading Base Domain..."
time="2022-05-09T16:27:43+08:00" level=debug msg="      Loading Platform..."
time="2022-05-09T16:27:43+08:00" level=debug msg="    Using Cluster Name loaded from state file"
time="2022-05-09T16:27:43+08:00" level=debug msg="    Loading Networking..."
time="2022-05-09T16:27:43+08:00" level=debug msg="      Loading Platform..."
time="2022-05-09T16:27:43+08:00" level=debug msg="    Using Networking loaded from state file"
time="2022-05-09T16:27:43+08:00" level=debug msg="    Loading Pull Secret..."
time="2022-05-09T16:27:43+08:00" level=debug msg="    Using Pull Secret loaded from state file"
time="2022-05-09T16:27:43+08:00" level=debug msg="    Loading Platform..."
time="2022-05-09T16:27:43+08:00" level=debug msg="  Using Install Config loaded from state file"
time="2022-05-09T16:27:43+08:00" level=debug msg="  Fetching Certificate (admin-kubeconfig-client)..."
time="2022-05-09T16:27:43+08:00" level=debug msg="    Fetching Certificate (admin-kubeconfig-signer)..."
time="2022-05-09T16:27:43+08:00" level=debug msg="    Generating Certificate (admin-kubeconfig-signer)..."
time="2022-05-09T16:27:43+08:00" level=debug msg="  Generating Certificate (admin-kubeconfig-client)..."
time="2022-05-09T16:27:43+08:00" level=debug msg="  Fetching Certificate (kube-apiserver-complete-server-ca-bundle)..."
time="2022-05-09T16:27:43+08:00" level=debug msg="    Fetching Certificate (kube-apiserver-localhost-ca-bundle)..."
time="2022-05-09T16:27:43+08:00" level=debug msg="      Fetching Certificate (kube-apiserver-localhost-signer)..."
time="2022-05-09T16:27:43+08:00" level=debug msg="      Generating Certificate (kube-apiserver-localhost-signer)..."
time="2022-05-09T16:27:43+08:00" level=debug msg="    Generating Certificate (kube-apiserver-localhost-ca-bundle)..."
time="2022-05-09T16:27:43+08:00" level=debug msg="    Fetching Certificate (kube-apiserver-service-network-ca-bundle)..."
time="2022-05-09T16:27:43+08:00" level=debug msg="      Fetching Certificate (kube-apiserver-service-network-signer)..."
time="2022-05-09T16:27:43+08:00" level=debug msg="      Generating Certificate (kube-apiserver-service-network-signer)..."
time="2022-05-09T16:27:43+08:00" level=debug msg="    Generating Certificate (kube-apiserver-service-network-ca-bundle)..."
time="2022-05-09T16:27:43+08:00" level=debug msg="    Fetching Certificate (kube-apiserver-lb-ca-bundle)..."
time="2022-05-09T16:27:43+08:00" level=debug msg="      Fetching Certificate (kube-apiserver-lb-signer)..."
time="2022-05-09T16:27:43+08:00" level=debug msg="      Generating Certificate (kube-apiserver-lb-signer)..."
time="2022-05-09T16:27:43+08:00" level=debug msg="    Generating Certificate (kube-apiserver-lb-ca-bundle)..."
time="2022-05-09T16:27:43+08:00" level=debug msg="  Generating Certificate (kube-apiserver-complete-server-ca-bundle)..."
time="2022-05-09T16:27:43+08:00" level=debug msg="  Fetching Install Config..."
time="2022-05-09T16:27:43+08:00" level=debug msg="  Reusing previously-fetched Install Config"
time="2022-05-09T16:27:43+08:00" level=debug msg="Generating Kubeconfig Admin Client..."
time="2022-05-09T16:27:43+08:00" level=debug msg="Fetching Kubeadmin Password..."
time="2022-05-09T16:27:43+08:00" level=debug msg="Loading Kubeadmin Password..."
time="2022-05-09T16:27:43+08:00" level=debug msg="Using Kubeadmin Password loaded from state file"
time="2022-05-09T16:27:43+08:00" level=debug msg="Reusing previously-fetched Kubeadmin Password"
time="2022-05-09T16:27:43+08:00" level=debug msg="Fetching Master Ignition Config..."
time="2022-05-09T16:27:43+08:00" level=debug msg="Loading Master Ignition Config..."
time="2022-05-09T16:27:43+08:00" level=debug msg="  Loading Install Config..."
time="2022-05-09T16:27:43+08:00" level=debug msg="  Loading Root CA..."
time="2022-05-09T16:27:43+08:00" level=debug msg="  Using Root CA loaded from state file"
time="2022-05-09T16:27:43+08:00" level=debug msg="Using Master Ignition Config loaded from state file"
time="2022-05-09T16:27:43+08:00" level=debug msg="Reusing previously-fetched Master Ignition Config"
time="2022-05-09T16:27:43+08:00" level=debug msg="Fetching Worker Ignition Config..."
time="2022-05-09T16:27:43+08:00" level=debug msg="Loading Worker Ignition Config..."
time="2022-05-09T16:27:43+08:00" level=debug msg="  Loading Install Config..."
time="2022-05-09T16:27:43+08:00" level=debug msg="  Loading Root CA..."
time="2022-05-09T16:27:43+08:00" level=debug msg="Using Worker Ignition Config loaded from state file"
time="2022-05-09T16:27:43+08:00" level=debug msg="Reusing previously-fetched Worker Ignition Config"
time="2022-05-09T16:27:43+08:00" level=debug msg="Fetching Bootstrap Ignition Config..."
time="2022-05-09T16:27:43+08:00" level=debug msg="Loading Bootstrap Ignition Config..."
time="2022-05-09T16:27:43+08:00" level=debug msg="  Loading Ironic bootstrap credentials..."
time="2022-05-09T16:27:43+08:00" level=debug msg="  Loading Install Config..."
time="2022-05-09T16:27:43+08:00" level=debug msg="  Loading Kubeconfig Admin Internal Client..."
time="2022-05-09T16:27:43+08:00" level=debug msg="    Loading Certificate (admin-kubeconfig-client)..."
time="2022-05-09T16:27:43+08:00" level=debug msg="    Loading Certificate (kube-apiserver-complete-server-ca-bundle)..."
time="2022-05-09T16:27:43+08:00" level=debug msg="    Loading Install Config..."
time="2022-05-09T16:27:43+08:00" level=debug msg="  Loading Kubeconfig Kubelet..."
time="2022-05-09T16:27:43+08:00" level=debug msg="    Loading Certificate (kube-apiserver-complete-server-ca-bundle)..."
time="2022-05-09T16:27:43+08:00" level=debug msg="    Loading Certificate (kubelet-client)..."
time="2022-05-09T16:27:43+08:00" level=debug msg="      Loading Certificate (kubelet-bootstrap-kubeconfig-signer)..."
time="2022-05-09T16:27:43+08:00" level=debug msg="    Loading Install Config..."
time="2022-05-09T16:27:43+08:00" level=debug msg="  Loading Kubeconfig Admin Client (Loopback)..."
time="2022-05-09T16:27:43+08:00" level=debug msg="    Loading Certificate (admin-kubeconfig-client)..."
time="2022-05-09T16:27:43+08:00" level=debug msg="    Loading Certificate (kube-apiserver-localhost-ca-bundle)..."
time="2022-05-09T16:27:43+08:00" level=debug msg="    Loading Install Config..."
time="2022-05-09T16:27:43+08:00" level=debug msg="  Loading Master Ignition Customization Check..."
time="2022-05-09T16:27:43+08:00" level=debug msg="    Loading Install Config..."
time="2022-05-09T16:27:43+08:00" level=debug msg="    Loading Root CA..."
time="2022-05-09T16:27:43+08:00" level=debug msg="    Loading Master Ignition Config..."
time="2022-05-09T16:27:43+08:00" level=debug msg="  Loading Worker Ignition Customization Check..."
time="2022-05-09T16:27:43+08:00" level=debug msg="    Loading Install Config..."
time="2022-05-09T16:27:43+08:00" level=debug msg="    Loading Root CA..."
time="2022-05-09T16:27:43+08:00" level=debug msg="    Loading Worker Ignition Config..."
time="2022-05-09T16:27:43+08:00" level=debug msg="  Loading Master Machines..."
time="2022-05-09T16:27:43+08:00" level=debug msg="    Loading Cluster ID..."
time="2022-05-09T16:27:43+08:00" level=debug msg="      Loading Install Config..."
time="2022-05-09T16:27:43+08:00" level=debug msg="    Using Cluster ID loaded from state file"
time="2022-05-09T16:27:43+08:00" level=debug msg="    Loading Platform Credentials Check..."
time="2022-05-09T16:27:43+08:00" level=debug msg="      Loading Install Config..."
time="2022-05-09T16:27:43+08:00" level=debug msg="    Using Platform Credentials Check loaded from state file"
time="2022-05-09T16:27:43+08:00" level=debug msg="    Loading Install Config..."
time="2022-05-09T16:27:43+08:00" level=debug msg="    Loading Image..."
time="2022-05-09T16:27:43+08:00" level=debug msg="      Loading Install Config..."
time="2022-05-09T16:27:43+08:00" level=debug msg="    Using Image loaded from state file"
time="2022-05-09T16:27:43+08:00" level=debug msg="    Loading Master Ignition Config..."
time="2022-05-09T16:27:43+08:00" level=debug msg="  Loading Master Machines from both state file and target directory"
time="2022-05-09T16:27:43+08:00" level=debug msg="  Using Master Machines loaded from target directory"
time="2022-05-09T16:27:43+08:00" level=debug msg="  Loading Worker Machines..."
time="2022-05-09T16:27:43+08:00" level=debug msg="    Loading Cluster ID..."
time="2022-05-09T16:27:43+08:00" level=debug msg="    Loading Platform Credentials Check..."
time="2022-05-09T16:27:43+08:00" level=debug msg="    Loading Install Config..."
time="2022-05-09T16:27:43+08:00" level=debug msg="    Loading Image..."
time="2022-05-09T16:27:43+08:00" level=debug msg="    Loading Worker Ignition Config..."
time="2022-05-09T16:27:43+08:00" level=debug msg="  Loading Worker Machines from both state file and target directory"
time="2022-05-09T16:27:43+08:00" level=debug msg="  Using Worker Machines loaded from target directory"
time="2022-05-09T16:27:43+08:00" level=debug msg="  Loading Common Manifests..."
time="2022-05-09T16:27:43+08:00" level=debug msg="    Loading Cluster ID..."
time="2022-05-09T16:27:43+08:00" level=debug msg="    Loading Install Config..."
time="2022-05-09T16:27:43+08:00" level=debug msg="    Loading Ingress Config..."
time="2022-05-09T16:27:43+08:00" level=debug msg="      Loading Install Config..."
time="2022-05-09T16:27:43+08:00" level=debug msg="    Using Ingress Config loaded from state file"
time="2022-05-09T16:27:43+08:00" level=debug msg="    Loading DNS Config..."
time="2022-05-09T16:27:43+08:00" level=debug msg="      Loading Install Config..."
time="2022-05-09T16:27:43+08:00" level=debug msg="      Loading Cluster ID..."
time="2022-05-09T16:27:43+08:00" level=debug msg="      Loading Platform Credentials Check..."
time="2022-05-09T16:27:43+08:00" level=debug msg="    Using DNS Config loaded from state file"
time="2022-05-09T16:27:43+08:00" level=debug msg="    Loading Infrastructure Config..."
time="2022-05-09T16:27:43+08:00" level=debug msg="      Loading Cluster ID..."
time="2022-05-09T16:27:43+08:00" level=debug msg="      Loading Install Config..."
time="2022-05-09T16:27:43+08:00" level=debug msg="      Loading Cloud Provider Config..."
time="2022-05-09T16:27:43+08:00" level=debug msg="        Loading Install Config..."
time="2022-05-09T16:27:43+08:00" level=debug msg="        Loading Cluster ID..."
time="2022-05-09T16:27:43+08:00" level=debug msg="        Loading Platform Credentials Check..."
time="2022-05-09T16:27:43+08:00" level=debug msg="      Using Cloud Provider Config loaded from state file"
time="2022-05-09T16:27:43+08:00" level=debug msg="      Loading Additional Trust Bundle Config..."
time="2022-05-09T16:27:43+08:00" level=debug msg="        Loading Install Config..."
time="2022-05-09T16:27:43+08:00" level=debug msg="      Using Additional Trust Bundle Config loaded from state file"
time="2022-05-09T16:27:43+08:00" level=debug msg="    Using Infrastructure Config loaded from state file"
time="2022-05-09T16:27:43+08:00" level=debug msg="    Loading Network Config..."
time="2022-05-09T16:27:43+08:00" level=debug msg="      Loading Install Config..."
time="2022-05-09T16:27:43+08:00" level=debug msg="      Loading Network CRDs..."
time="2022-05-09T16:27:43+08:00" level=debug msg="      Using Network CRDs loaded from state file"
time="2022-05-09T16:27:43+08:00" level=debug msg="    Using Network Config loaded from state file"
time="2022-05-09T16:27:43+08:00" level=debug msg="    Loading Proxy Config..."
time="2022-05-09T16:27:43+08:00" level=debug msg="      Loading Install Config..."
time="2022-05-09T16:27:43+08:00" level=debug msg="      Loading Network Config..."
time="2022-05-09T16:27:43+08:00" level=debug msg="    Using Proxy Config loaded from state file"
time="2022-05-09T16:27:43+08:00" level=debug msg="    Loading Scheduler Config..."
time="2022-05-09T16:27:43+08:00" level=debug msg="      Loading Install Config..."
time="2022-05-09T16:27:43+08:00" level=debug msg="    Using Scheduler Config loaded from state file"
time="2022-05-09T16:27:43+08:00" level=debug msg="    Loading Image Content Source Policy..."
time="2022-05-09T16:27:43+08:00" level=debug msg="      Loading Install Config..."
time="2022-05-09T16:27:43+08:00" level=debug msg="    Using Image Content Source Policy loaded from state file"
time="2022-05-09T16:27:43+08:00" level=debug msg="    Loading Root CA..."
time="2022-05-09T16:27:43+08:00" level=debug msg="    Loading Certificate (mcs)..."
time="2022-05-09T16:27:43+08:00" level=debug msg="      Loading Root CA..."
time="2022-05-09T16:27:43+08:00" level=debug msg="      Loading Install Config..."
time="2022-05-09T16:27:43+08:00" level=debug msg="    Using Certificate (mcs) loaded from state file"
time="2022-05-09T16:27:43+08:00" level=debug msg="    Loading CVOOverrides..."
time="2022-05-09T16:27:43+08:00" level=debug msg="    Using CVOOverrides loaded from state file"
time="2022-05-09T16:27:43+08:00" level=debug msg="    Loading KubeCloudConfig..."
time="2022-05-09T16:27:43+08:00" level=debug msg="    Using KubeCloudConfig loaded from state file"
time="2022-05-09T16:27:43+08:00" level=debug msg="    Loading KubeSystemConfigmapRootCA..."
time="2022-05-09T16:27:43+08:00" level=debug msg="    Using KubeSystemConfigmapRootCA loaded from state file"
time="2022-05-09T16:27:43+08:00" level=debug msg="    Loading MachineConfigServerTLSSecret..."
time="2022-05-09T16:27:43+08:00" level=debug msg="    Using MachineConfigServerTLSSecret loaded from state file"
time="2022-05-09T16:27:43+08:00" level=debug msg="    Loading OpenshiftConfigSecretPullSecret..."
time="2022-05-09T16:27:43+08:00" level=debug msg="    Using OpenshiftConfigSecretPullSecret loaded from state file"
time="2022-05-09T16:27:43+08:00" level=debug msg="  Loading Common Manifests from both state file and target directory"
time="2022-05-09T16:27:43+08:00" level=debug msg="  Using Common Manifests loaded from target directory"
time="2022-05-09T16:27:43+08:00" level=debug msg="  Loading Openshift Manifests..."
time="2022-05-09T16:27:43+08:00" level=debug msg="    Loading Install Config..."
time="2022-05-09T16:27:43+08:00" level=debug msg="    Loading Cluster ID..."
time="2022-05-09T16:27:43+08:00" level=debug msg="    Loading Kubeadmin Password..."
time="2022-05-09T16:27:43+08:00" level=debug msg="    Loading OpenShift Install (Manifests)..."
time="2022-05-09T16:27:43+08:00" level=debug msg="    Loading OpenShift Install (Manifests) from both state file and target directory"
time="2022-05-09T16:27:43+08:00" level=debug msg="    On-disk OpenShift Install (Manifests) matches asset in state file"
time="2022-05-09T16:27:43+08:00" level=debug msg="    Using OpenShift Install (Manifests) loaded from state file"
time="2022-05-09T16:27:43+08:00" level=debug msg="    Loading CloudCredsSecret..."
time="2022-05-09T16:27:43+08:00" level=debug msg="    Using CloudCredsSecret loaded from state file"
time="2022-05-09T16:27:43+08:00" level=debug msg="    Loading KubeadminPasswordSecret..."
time="2022-05-09T16:27:43+08:00" level=debug msg="    Using KubeadminPasswordSecret loaded from state file"
time="2022-05-09T16:27:43+08:00" level=debug msg="    Loading RoleCloudCredsSecretReader..."
time="2022-05-09T16:27:43+08:00" level=debug msg="    Using RoleCloudCredsSecretReader loaded from state file"
time="2022-05-09T16:27:43+08:00" level=debug msg="    Loading Baremetal Config CR..."
time="2022-05-09T16:27:43+08:00" level=debug msg="    Using Baremetal Config CR loaded from state file"
time="2022-05-09T16:27:43+08:00" level=debug msg="    Loading Image..."
time="2022-05-09T16:27:43+08:00" level=debug msg="    Loading AzureCloudProviderSecret..."
time="2022-05-09T16:27:43+08:00" level=debug msg="    Using AzureCloudProviderSecret loaded from state file"
time="2022-05-09T16:27:43+08:00" level=debug msg="  Loading Openshift Manifests from both state file and target directory"
time="2022-05-09T16:27:43+08:00" level=debug msg="  On-disk Openshift Manifests matches asset in state file"
time="2022-05-09T16:27:43+08:00" level=debug msg="  Using Openshift Manifests loaded from state file"
time="2022-05-09T16:27:43+08:00" level=debug msg="  Loading Proxy Config..."
time="2022-05-09T16:27:43+08:00" level=debug msg="  Loading Certificate (admin-kubeconfig-ca-bundle)..."
time="2022-05-09T16:27:43+08:00" level=debug msg="    Loading Certificate (admin-kubeconfig-signer)..."
time="2022-05-09T16:27:43+08:00" level=debug msg="  Loading Certificate (aggregator)..."
time="2022-05-09T16:27:43+08:00" level=debug msg="  Loading Certificate (aggregator-ca-bundle)..."
time="2022-05-09T16:27:43+08:00" level=debug msg="    Loading Certificate (aggregator-signer)..."
time="2022-05-09T16:27:43+08:00" level=debug msg="  Loading Certificate (system:kube-apiserver-proxy)..."
time="2022-05-09T16:27:43+08:00" level=debug msg="    Loading Certificate (aggregator-signer)..."
time="2022-05-09T16:27:43+08:00" level=debug msg="  Loading Certificate (aggregator-signer)..."
time="2022-05-09T16:27:43+08:00" level=debug msg="  Loading Certificate (system:kube-apiserver-proxy)..."
time="2022-05-09T16:27:43+08:00" level=debug msg="    Loading Certificate (aggregator)..."
time="2022-05-09T16:27:43+08:00" level=debug msg="  Loading Bootstrap SSH Key Pair..."
time="2022-05-09T16:27:43+08:00" level=debug msg="  Loading User-provided Service Account Signing key..."
time="2022-05-09T16:27:43+08:00" level=debug msg="  Loading Cloud Provider CA Bundle..."
time="2022-05-09T16:27:43+08:00" level=debug msg="    Loading Install Config..."
time="2022-05-09T16:27:43+08:00" level=debug msg="  Loading Certificate (journal-gatewayd)..."
time="2022-05-09T16:27:43+08:00" level=debug msg="    Loading Root CA..."
time="2022-05-09T16:27:43+08:00" level=debug msg="  Loading Certificate (kube-apiserver-lb-ca-bundle)..."
time="2022-05-09T16:27:43+08:00" level=debug msg="  Loading Certificate (kube-apiserver-external-lb-server)..."
time="2022-05-09T16:27:43+08:00" level=debug msg="    Loading Certificate (kube-apiserver-lb-signer)..."
time="2022-05-09T16:27:43+08:00" level=debug msg="    Loading Install Config..."
time="2022-05-09T16:27:43+08:00" level=debug msg="  Loading Certificate (kube-apiserver-internal-lb-server)..."
time="2022-05-09T16:27:43+08:00" level=debug msg="    Loading Certificate (kube-apiserver-lb-signer)..."
time="2022-05-09T16:27:43+08:00" level=debug msg="    Loading Install Config..."
time="2022-05-09T16:27:43+08:00" level=debug msg="  Loading Certificate (kube-apiserver-lb-signer)..."
time="2022-05-09T16:27:43+08:00" level=debug msg="  Loading Certificate (kube-apiserver-localhost-ca-bundle)..."
time="2022-05-09T16:27:43+08:00" level=debug msg="  Loading Certificate (kube-apiserver-localhost-server)..."
time="2022-05-09T16:27:43+08:00" level=debug msg="    Loading Certificate (kube-apiserver-localhost-signer)..."
time="2022-05-09T16:27:43+08:00" level=debug msg="  Loading Certificate (kube-apiserver-localhost-signer)..."
time="2022-05-09T16:27:43+08:00" level=debug msg="  Loading Certificate (kube-apiserver-service-network-ca-bundle)..."
time="2022-05-09T16:27:43+08:00" level=debug msg="  Loading Certificate (kube-apiserver-service-network-server)..."
time="2022-05-09T16:27:43+08:00" level=debug msg="    Loading Certificate (kube-apiserver-service-network-signer)..."
time="2022-05-09T16:27:43+08:00" level=debug msg="    Loading Install Config..."
time="2022-05-09T16:27:43+08:00" level=debug msg="  Loading Certificate (kube-apiserver-service-network-signer)..."
time="2022-05-09T16:27:43+08:00" level=debug msg="  Loading Certificate (kube-apiserver-complete-server-ca-bundle)..."
time="2022-05-09T16:27:43+08:00" level=debug msg="  Loading Certificate (kube-apiserver-complete-client-ca-bundle)..."
time="2022-05-09T16:27:43+08:00" level=debug msg="    Loading Certificate (admin-kubeconfig-ca-bundle)..."
time="2022-05-09T16:27:43+08:00" level=debug msg="    Loading Certificate (kubelet-client-ca-bundle)..."
time="2022-05-09T16:27:43+08:00" level=debug msg="      Loading Certificate (kubelet-signer)..."
time="2022-05-09T16:27:43+08:00" level=debug msg="    Loading Certificate (kube-control-plane-ca-bundle)..."
time="2022-05-09T16:27:43+08:00" level=debug msg="      Loading Certificate (kube-control-plane-signer)..."
time="2022-05-09T16:27:43+08:00" level=debug msg="      Loading Certificate (kube-apiserver-lb-signer)..."
time="2022-05-09T16:27:43+08:00" level=debug msg="      Loading Certificate (kube-apiserver-localhost-signer)..."
time="2022-05-09T16:27:43+08:00" level=debug msg="      Loading Certificate (kube-apiserver-service-network-signer)..."
time="2022-05-09T16:27:43+08:00" level=debug msg="    Loading Certificate (kube-apiserver-to-kubelet-ca-bundle)..."
time="2022-05-09T16:27:43+08:00" level=debug msg="      Loading Certificate (kube-apiserver-to-kubelet-signer)..."
time="2022-05-09T16:27:43+08:00" level=debug msg="    Loading Certificate (kubelet-bootstrap-kubeconfig-ca-bundle)..."
time="2022-05-09T16:27:43+08:00" level=debug msg="      Loading Certificate (kubelet-bootstrap-kubeconfig-signer)..."
time="2022-05-09T16:27:43+08:00" level=debug msg="  Loading Certificate (kube-apiserver-to-kubelet-ca-bundle)..."
time="2022-05-09T16:27:43+08:00" level=debug msg="  Loading Certificate (kube-apiserver-to-kubelet-client)..."
time="2022-05-09T16:27:43+08:00" level=debug msg="    Loading Certificate (kube-apiserver-to-kubelet-signer)..."
time="2022-05-09T16:27:43+08:00" level=debug msg="  Loading Certificate (kube-apiserver-to-kubelet-signer)..."
time="2022-05-09T16:27:43+08:00" level=debug msg="  Loading Certificate (kube-control-plane-ca-bundle)..."
time="2022-05-09T16:27:43+08:00" level=debug msg="  Loading Certificate (kube-control-plane-kube-controller-manager-client)..."
time="2022-05-09T16:27:43+08:00" level=debug msg="    Loading Certificate (kube-control-plane-signer)..."
time="2022-05-09T16:27:43+08:00" level=debug msg="  Loading Certificate (kube-control-plane-kube-scheduler-client)..."
time="2022-05-09T16:27:43+08:00" level=debug msg="    Loading Certificate (kube-control-plane-signer)..."
time="2022-05-09T16:27:43+08:00" level=debug msg="  Loading Certificate (kube-control-plane-signer)..."
time="2022-05-09T16:27:43+08:00" level=debug msg="  Loading Certificate (kubelet-bootstrap-kubeconfig-ca-bundle)..."
time="2022-05-09T16:27:43+08:00" level=debug msg="  Loading Certificate (kubelet-client-ca-bundle)..."
time="2022-05-09T16:27:43+08:00" level=debug msg="  Loading Certificate (kubelet-client)..."
time="2022-05-09T16:27:43+08:00" level=debug msg="  Loading Certificate (kubelet-signer)..."
time="2022-05-09T16:27:43+08:00" level=debug msg="  Loading Certificate (kubelet-serving-ca-bundle)..."
time="2022-05-09T16:27:43+08:00" level=debug msg="    Loading Certificate (kubelet-signer)..."
time="2022-05-09T16:27:43+08:00" level=debug msg="  Loading Certificate (mcs)..."
time="2022-05-09T16:27:43+08:00" level=debug msg="  Loading Root CA..."
time="2022-05-09T16:27:43+08:00" level=debug msg="  Loading Key Pair (service-account.pub)..."
time="2022-05-09T16:27:43+08:00" level=debug msg="  Loading Release Image Pull Spec..."
time="2022-05-09T16:27:43+08:00" level=debug msg="  Loading Image..."
time="2022-05-09T16:27:43+08:00" level=debug msg="  Loading CVO Ignore..."
time="2022-05-09T16:27:43+08:00" level=debug msg="    Loading Common Manifests..."
time="2022-05-09T16:27:43+08:00" level=debug msg="    Loading Openshift Manifests..."
time="2022-05-09T16:27:43+08:00" level=debug msg="  Fetching Ironic bootstrap credentials..."
time="2022-05-09T16:27:43+08:00" level=debug msg="  Generating Ironic bootstrap credentials..."
time="2022-05-09T16:27:43+08:00" level=debug msg="  Fetching Install Config..."
time="2022-05-09T16:27:43+08:00" level=debug msg="  Reusing previously-fetched Install Config"
time="2022-05-09T16:27:43+08:00" level=debug msg="  Fetching Kubeconfig Admin Internal Client..."
time="2022-05-09T16:27:43+08:00" level=debug msg="    Fetching Certificate (admin-kubeconfig-client)..."
time="2022-05-09T16:27:43+08:00" level=debug msg="    Reusing previously-fetched Certificate (admin-kubeconfig-client)"
time="2022-05-09T16:27:43+08:00" level=debug msg="    Fetching Certificate (kube-apiserver-complete-server-ca-bundle)..."
time="2022-05-09T16:27:43+08:00" level=debug msg="    Reusing previously-fetched Certificate (kube-apiserver-complete-server-ca-bundle)"
time="2022-05-09T16:27:43+08:00" level=debug msg="    Fetching Install Config..."
time="2022-05-09T16:27:43+08:00" level=debug msg="    Reusing previously-fetched Install Config"
time="2022-05-09T16:27:43+08:00" level=debug msg="  Generating Kubeconfig Admin Internal Client..."
time="2022-05-09T16:27:43+08:00" level=debug msg="  Fetching Kubeconfig Kubelet..."
time="2022-05-09T16:27:43+08:00" level=debug msg="    Fetching Certificate (kube-apiserver-complete-server-ca-bundle)..."
time="2022-05-09T16:27:43+08:00" level=debug msg="    Reusing previously-fetched Certificate (kube-apiserver-complete-server-ca-bundle)"
time="2022-05-09T16:27:43+08:00" level=debug msg="    Fetching Certificate (kubelet-client)..."
time="2022-05-09T16:27:43+08:00" level=debug msg="      Fetching Certificate (kubelet-bootstrap-kubeconfig-signer)..."
time="2022-05-09T16:27:43+08:00" level=debug msg="      Generating Certificate (kubelet-bootstrap-kubeconfig-signer)..."
time="2022-05-09T16:27:44+08:00" level=debug msg="    Generating Certificate (kubelet-client)..."
time="2022-05-09T16:27:44+08:00" level=debug msg="    Fetching Install Config..."
time="2022-05-09T16:27:44+08:00" level=debug msg="    Reusing previously-fetched Install Config"
time="2022-05-09T16:27:44+08:00" level=debug msg="  Generating Kubeconfig Kubelet..."
time="2022-05-09T16:27:44+08:00" level=debug msg="  Fetching Kubeconfig Admin Client (Loopback)..."
time="2022-05-09T16:27:44+08:00" level=debug msg="    Fetching Certificate (admin-kubeconfig-client)..."
time="2022-05-09T16:27:44+08:00" level=debug msg="    Reusing previously-fetched Certificate (admin-kubeconfig-client)"
time="2022-05-09T16:27:44+08:00" level=debug msg="    Fetching Certificate (kube-apiserver-localhost-ca-bundle)..."
time="2022-05-09T16:27:44+08:00" level=debug msg="    Reusing previously-fetched Certificate (kube-apiserver-localhost-ca-bundle)"
time="2022-05-09T16:27:44+08:00" level=debug msg="    Fetching Install Config..."
time="2022-05-09T16:27:44+08:00" level=debug msg="    Reusing previously-fetched Install Config"
time="2022-05-09T16:27:44+08:00" level=debug msg="  Generating Kubeconfig Admin Client (Loopback)..."
time="2022-05-09T16:27:44+08:00" level=debug msg="  Fetching Master Ignition Customization Check..."
time="2022-05-09T16:27:44+08:00" level=debug msg="    Fetching Install Config..."
time="2022-05-09T16:27:44+08:00" level=debug msg="    Reusing previously-fetched Install Config"
time="2022-05-09T16:27:44+08:00" level=debug msg="    Fetching Root CA..."
time="2022-05-09T16:27:44+08:00" level=debug msg="    Reusing previously-fetched Root CA"
time="2022-05-09T16:27:44+08:00" level=debug msg="    Fetching Master Ignition Config..."
time="2022-05-09T16:27:44+08:00" level=debug msg="    Reusing previously-fetched Master Ignition Config"
time="2022-05-09T16:27:44+08:00" level=debug msg="  Generating Master Ignition Customization Check..."
time="2022-05-09T16:27:44+08:00" level=debug msg="  Fetching Worker Ignition Customization Check..."
time="2022-05-09T16:27:44+08:00" level=debug msg="    Fetching Install Config..."
time="2022-05-09T16:27:44+08:00" level=debug msg="    Reusing previously-fetched Install Config"
time="2022-05-09T16:27:44+08:00" level=debug msg="    Fetching Root CA..."
time="2022-05-09T16:27:44+08:00" level=debug msg="    Reusing previously-fetched Root CA"
time="2022-05-09T16:27:44+08:00" level=debug msg="    Fetching Worker Ignition Config..."
time="2022-05-09T16:27:44+08:00" level=debug msg="    Reusing previously-fetched Worker Ignition Config"
time="2022-05-09T16:27:44+08:00" level=debug msg="  Generating Worker Ignition Customization Check..."
time="2022-05-09T16:27:44+08:00" level=debug msg="  Fetching Master Machines..."
time="2022-05-09T16:27:44+08:00" level=debug msg="  Reusing previously-fetched Master Machines"
time="2022-05-09T16:27:44+08:00" level=debug msg="  Fetching Worker Machines..."
time="2022-05-09T16:27:44+08:00" level=debug msg="  Reusing previously-fetched Worker Machines"
time="2022-05-09T16:27:44+08:00" level=debug msg="  Fetching Common Manifests..."
time="2022-05-09T16:27:44+08:00" level=debug msg="  Reusing previously-fetched Common Manifests"
time="2022-05-09T16:27:44+08:00" level=debug msg="  Fetching Openshift Manifests..."
time="2022-05-09T16:27:44+08:00" level=debug msg="  Reusing previously-fetched Openshift Manifests"
time="2022-05-09T16:27:44+08:00" level=debug msg="  Fetching Proxy Config..."
time="2022-05-09T16:27:44+08:00" level=debug msg="  Reusing previously-fetched Proxy Config"
time="2022-05-09T16:27:44+08:00" level=debug msg="  Fetching Certificate (admin-kubeconfig-ca-bundle)..."
time="2022-05-09T16:27:44+08:00" level=debug msg="    Fetching Certificate (admin-kubeconfig-signer)..."
time="2022-05-09T16:27:44+08:00" level=debug msg="    Reusing previously-fetched Certificate (admin-kubeconfig-signer)"
time="2022-05-09T16:27:44+08:00" level=debug msg="  Generating Certificate (admin-kubeconfig-ca-bundle)..."
time="2022-05-09T16:27:44+08:00" level=debug msg="  Fetching Certificate (aggregator)..."
time="2022-05-09T16:27:44+08:00" level=debug msg="  Generating Certificate (aggregator)..."
time="2022-05-09T16:27:44+08:00" level=debug msg="  Fetching Certificate (aggregator-ca-bundle)..."
time="2022-05-09T16:27:44+08:00" level=debug msg="    Fetching Certificate (aggregator-signer)..."
time="2022-05-09T16:27:44+08:00" level=debug msg="    Generating Certificate (aggregator-signer)..."
time="2022-05-09T16:27:44+08:00" level=debug msg="  Generating Certificate (aggregator-ca-bundle)..."
time="2022-05-09T16:27:44+08:00" level=debug msg="  Fetching Certificate (system:kube-apiserver-proxy)..."
time="2022-05-09T16:27:44+08:00" level=debug msg="    Fetching Certificate (aggregator-signer)..."
time="2022-05-09T16:27:44+08:00" level=debug msg="    Reusing previously-fetched Certificate (aggregator-signer)"
time="2022-05-09T16:27:44+08:00" level=debug msg="  Generating Certificate (system:kube-apiserver-proxy)..."
time="2022-05-09T16:27:44+08:00" level=debug msg="  Fetching Certificate (aggregator-signer)..."
time="2022-05-09T16:27:44+08:00" level=debug msg="  Reusing previously-fetched Certificate (aggregator-signer)"
time="2022-05-09T16:27:44+08:00" level=debug msg="  Fetching Certificate (system:kube-apiserver-proxy)..."
time="2022-05-09T16:27:44+08:00" level=debug msg="    Fetching Certificate (aggregator)..."
time="2022-05-09T16:27:44+08:00" level=debug msg="    Reusing previously-fetched Certificate (aggregator)"
time="2022-05-09T16:27:44+08:00" level=debug msg="  Generating Certificate (system:kube-apiserver-proxy)..."
time="2022-05-09T16:27:44+08:00" level=debug msg="  Fetching Bootstrap SSH Key Pair..."
time="2022-05-09T16:27:44+08:00" level=debug msg="  Generating Bootstrap SSH Key Pair..."
time="2022-05-09T16:27:45+08:00" level=debug msg="Failed to marshal PKIX public key: %!s(<nil>)"
time="2022-05-09T16:27:45+08:00" level=debug msg="  Fetching User-provided Service Account Signing key..."
time="2022-05-09T16:27:45+08:00" level=debug msg="  Generating User-provided Service Account Signing key..."
time="2022-05-09T16:27:45+08:00" level=debug msg="  Fetching Cloud Provider CA Bundle..."
time="2022-05-09T16:27:45+08:00" level=debug msg="    Fetching Install Config..."
time="2022-05-09T16:27:45+08:00" level=debug msg="    Reusing previously-fetched Install Config"
time="2022-05-09T16:27:45+08:00" level=debug msg="  Generating Cloud Provider CA Bundle..."
time="2022-05-09T16:27:45+08:00" level=debug msg="  Fetching Certificate (journal-gatewayd)..."
time="2022-05-09T16:27:45+08:00" level=debug msg="    Fetching Root CA..."
time="2022-05-09T16:27:45+08:00" level=debug msg="    Reusing previously-fetched Root CA"
time="2022-05-09T16:27:45+08:00" level=debug msg="  Generating Certificate (journal-gatewayd)..."
time="2022-05-09T16:27:45+08:00" level=debug msg="  Fetching Certificate (kube-apiserver-lb-ca-bundle)..."
time="2022-05-09T16:27:45+08:00" level=debug msg="  Reusing previously-fetched Certificate (kube-apiserver-lb-ca-bundle)"
time="2022-05-09T16:27:45+08:00" level=debug msg="  Fetching Certificate (kube-apiserver-external-lb-server)..."
time="2022-05-09T16:27:45+08:00" level=debug msg="    Fetching Certificate (kube-apiserver-lb-signer)..."
time="2022-05-09T16:27:45+08:00" level=debug msg="    Reusing previously-fetched Certificate (kube-apiserver-lb-signer)"
time="2022-05-09T16:27:45+08:00" level=debug msg="    Fetching Install Config..."
time="2022-05-09T16:27:45+08:00" level=debug msg="    Reusing previously-fetched Install Config"
time="2022-05-09T16:27:45+08:00" level=debug msg="  Generating Certificate (kube-apiserver-external-lb-server)..."
time="2022-05-09T16:27:45+08:00" level=debug msg="  Fetching Certificate (kube-apiserver-internal-lb-server)..."
time="2022-05-09T16:27:45+08:00" level=debug msg="    Fetching Certificate (kube-apiserver-lb-signer)..."
time="2022-05-09T16:27:45+08:00" level=debug msg="    Reusing previously-fetched Certificate (kube-apiserver-lb-signer)"
time="2022-05-09T16:27:45+08:00" level=debug msg="    Fetching Install Config..."
time="2022-05-09T16:27:45+08:00" level=debug msg="    Reusing previously-fetched Install Config"
time="2022-05-09T16:27:45+08:00" level=debug msg="  Generating Certificate (kube-apiserver-internal-lb-server)..."
time="2022-05-09T16:27:45+08:00" level=debug msg="  Fetching Certificate (kube-apiserver-lb-signer)..."
time="2022-05-09T16:27:45+08:00" level=debug msg="  Reusing previously-fetched Certificate (kube-apiserver-lb-signer)"
time="2022-05-09T16:27:45+08:00" level=debug msg="  Fetching Certificate (kube-apiserver-localhost-ca-bundle)..."
time="2022-05-09T16:27:45+08:00" level=debug msg="  Reusing previously-fetched Certificate (kube-apiserver-localhost-ca-bundle)"
time="2022-05-09T16:27:45+08:00" level=debug msg="  Fetching Certificate (kube-apiserver-localhost-server)..."
time="2022-05-09T16:27:45+08:00" level=debug msg="    Fetching Certificate (kube-apiserver-localhost-signer)..."
time="2022-05-09T16:27:45+08:00" level=debug msg="    Reusing previously-fetched Certificate (kube-apiserver-localhost-signer)"
time="2022-05-09T16:27:45+08:00" level=debug msg="  Generating Certificate (kube-apiserver-localhost-server)..."
time="2022-05-09T16:27:45+08:00" level=debug msg="  Fetching Certificate (kube-apiserver-localhost-signer)..."
time="2022-05-09T16:27:45+08:00" level=debug msg="  Reusing previously-fetched Certificate (kube-apiserver-localhost-signer)"
time="2022-05-09T16:27:45+08:00" level=debug msg="  Fetching Certificate (kube-apiserver-service-network-ca-bundle)..."
time="2022-05-09T16:27:45+08:00" level=debug msg="  Reusing previously-fetched Certificate (kube-apiserver-service-network-ca-bundle)"
time="2022-05-09T16:27:45+08:00" level=debug msg="  Fetching Certificate (kube-apiserver-service-network-server)..."
time="2022-05-09T16:27:45+08:00" level=debug msg="    Fetching Certificate (kube-apiserver-service-network-signer)..."
time="2022-05-09T16:27:45+08:00" level=debug msg="    Reusing previously-fetched Certificate (kube-apiserver-service-network-signer)"
time="2022-05-09T16:27:45+08:00" level=debug msg="    Fetching Install Config..."
time="2022-05-09T16:27:45+08:00" level=debug msg="    Reusing previously-fetched Install Config"
time="2022-05-09T16:27:45+08:00" level=debug msg="  Generating Certificate (kube-apiserver-service-network-server)..."
time="2022-05-09T16:27:45+08:00" level=debug msg="  Fetching Certificate (kube-apiserver-service-network-signer)..."
time="2022-05-09T16:27:45+08:00" level=debug msg="  Reusing previously-fetched Certificate (kube-apiserver-service-network-signer)"
time="2022-05-09T16:27:45+08:00" level=debug msg="  Fetching Certificate (kube-apiserver-complete-server-ca-bundle)..."
time="2022-05-09T16:27:45+08:00" level=debug msg="  Reusing previously-fetched Certificate (kube-apiserver-complete-server-ca-bundle)"
time="2022-05-09T16:27:45+08:00" level=debug msg="  Fetching Certificate (kube-apiserver-complete-client-ca-bundle)..."
time="2022-05-09T16:27:45+08:00" level=debug msg="    Fetching Certificate (admin-kubeconfig-ca-bundle)..."
time="2022-05-09T16:27:45+08:00" level=debug msg="    Reusing previously-fetched Certificate (admin-kubeconfig-ca-bundle)"
time="2022-05-09T16:27:45+08:00" level=debug msg="    Fetching Certificate (kubelet-client-ca-bundle)..."
time="2022-05-09T16:27:45+08:00" level=debug msg="      Fetching Certificate (kubelet-signer)..."
time="2022-05-09T16:27:45+08:00" level=debug msg="      Generating Certificate (kubelet-signer)..."
time="2022-05-09T16:27:45+08:00" level=debug msg="    Generating Certificate (kubelet-client-ca-bundle)..."
time="2022-05-09T16:27:45+08:00" level=debug msg="    Fetching Certificate (kube-control-plane-ca-bundle)..."
time="2022-05-09T16:27:45+08:00" level=debug msg="      Fetching Certificate (kube-control-plane-signer)..."
time="2022-05-09T16:27:45+08:00" level=debug msg="      Generating Certificate (kube-control-plane-signer)..."
time="2022-05-09T16:27:45+08:00" level=debug msg="      Fetching Certificate (kube-apiserver-lb-signer)..."
time="2022-05-09T16:27:45+08:00" level=debug msg="      Reusing previously-fetched Certificate (kube-apiserver-lb-signer)"
time="2022-05-09T16:27:45+08:00" level=debug msg="      Fetching Certificate (kube-apiserver-localhost-signer)..."
time="2022-05-09T16:27:45+08:00" level=debug msg="      Reusing previously-fetched Certificate (kube-apiserver-localhost-signer)"
time="2022-05-09T16:27:45+08:00" level=debug msg="      Fetching Certificate (kube-apiserver-service-network-signer)..."
time="2022-05-09T16:27:45+08:00" level=debug msg="      Reusing previously-fetched Certificate (kube-apiserver-service-network-signer)"
time="2022-05-09T16:27:45+08:00" level=debug msg="    Generating Certificate (kube-control-plane-ca-bundle)..."
time="2022-05-09T16:27:45+08:00" level=debug msg="    Fetching Certificate (kube-apiserver-to-kubelet-ca-bundle)..."
time="2022-05-09T16:27:45+08:00" level=debug msg="      Fetching Certificate (kube-apiserver-to-kubelet-signer)..."
time="2022-05-09T16:27:45+08:00" level=debug msg="      Generating Certificate (kube-apiserver-to-kubelet-signer)..."
time="2022-05-09T16:27:46+08:00" level=debug msg="    Generating Certificate (kube-apiserver-to-kubelet-ca-bundle)..."
time="2022-05-09T16:27:46+08:00" level=debug msg="    Fetching Certificate (kubelet-bootstrap-kubeconfig-ca-bundle)..."
time="2022-05-09T16:27:46+08:00" level=debug msg="      Fetching Certificate (kubelet-bootstrap-kubeconfig-signer)..."
time="2022-05-09T16:27:46+08:00" level=debug msg="      Reusing previously-fetched Certificate (kubelet-bootstrap-kubeconfig-signer)"
time="2022-05-09T16:27:46+08:00" level=debug msg="    Generating Certificate (kubelet-bootstrap-kubeconfig-ca-bundle)..."
time="2022-05-09T16:27:46+08:00" level=debug msg="  Generating Certificate (kube-apiserver-complete-client-ca-bundle)..."
time="2022-05-09T16:27:46+08:00" level=debug msg="  Fetching Certificate (kube-apiserver-to-kubelet-ca-bundle)..."
time="2022-05-09T16:27:46+08:00" level=debug msg="  Reusing previously-fetched Certificate (kube-apiserver-to-kubelet-ca-bundle)"
time="2022-05-09T16:27:46+08:00" level=debug msg="  Fetching Certificate (kube-apiserver-to-kubelet-client)..."
time="2022-05-09T16:27:46+08:00" level=debug msg="    Fetching Certificate (kube-apiserver-to-kubelet-signer)..."
time="2022-05-09T16:27:46+08:00" level=debug msg="    Reusing previously-fetched Certificate (kube-apiserver-to-kubelet-signer)"
time="2022-05-09T16:27:46+08:00" level=debug msg="  Generating Certificate (kube-apiserver-to-kubelet-client)..."
time="2022-05-09T16:27:46+08:00" level=debug msg="  Fetching Certificate (kube-apiserver-to-kubelet-signer)..."
time="2022-05-09T16:27:46+08:00" level=debug msg="  Reusing previously-fetched Certificate (kube-apiserver-to-kubelet-signer)"
time="2022-05-09T16:27:46+08:00" level=debug msg="  Fetching Certificate (kube-control-plane-ca-bundle)..."
time="2022-05-09T16:27:46+08:00" level=debug msg="  Reusing previously-fetched Certificate (kube-control-plane-ca-bundle)"
time="2022-05-09T16:27:46+08:00" level=debug msg="  Fetching Certificate (kube-control-plane-kube-controller-manager-client)..."
time="2022-05-09T16:27:46+08:00" level=debug msg="    Fetching Certificate (kube-control-plane-signer)..."
time="2022-05-09T16:27:46+08:00" level=debug msg="    Reusing previously-fetched Certificate (kube-control-plane-signer)"
time="2022-05-09T16:27:46+08:00" level=debug msg="  Generating Certificate (kube-control-plane-kube-controller-manager-client)..."
time="2022-05-09T16:27:46+08:00" level=debug msg="  Fetching Certificate (kube-control-plane-kube-scheduler-client)..."
time="2022-05-09T16:27:46+08:00" level=debug msg="    Fetching Certificate (kube-control-plane-signer)..."
time="2022-05-09T16:27:46+08:00" level=debug msg="    Reusing previously-fetched Certificate (kube-control-plane-signer)"
time="2022-05-09T16:27:46+08:00" level=debug msg="  Generating Certificate (kube-control-plane-kube-scheduler-client)..."
time="2022-05-09T16:27:46+08:00" level=debug msg="  Fetching Certificate (kube-control-plane-signer)..."
time="2022-05-09T16:27:46+08:00" level=debug msg="  Reusing previously-fetched Certificate (kube-control-plane-signer)"
time="2022-05-09T16:27:46+08:00" level=debug msg="  Fetching Certificate (kubelet-bootstrap-kubeconfig-ca-bundle)..."
time="2022-05-09T16:27:46+08:00" level=debug msg="  Reusing previously-fetched Certificate (kubelet-bootstrap-kubeconfig-ca-bundle)"
time="2022-05-09T16:27:46+08:00" level=debug msg="  Fetching Certificate (kubelet-client-ca-bundle)..."
time="2022-05-09T16:27:46+08:00" level=debug msg="  Reusing previously-fetched Certificate (kubelet-client-ca-bundle)"
time="2022-05-09T16:27:46+08:00" level=debug msg="  Fetching Certificate (kubelet-client)..."
time="2022-05-09T16:27:46+08:00" level=debug msg="  Reusing previously-fetched Certificate (kubelet-client)"
time="2022-05-09T16:27:46+08:00" level=debug msg="  Fetching Certificate (kubelet-signer)..."
time="2022-05-09T16:27:46+08:00" level=debug msg="  Reusing previously-fetched Certificate (kubelet-signer)"
time="2022-05-09T16:27:46+08:00" level=debug msg="  Fetching Certificate (kubelet-serving-ca-bundle)..."
time="2022-05-09T16:27:46+08:00" level=debug msg="    Fetching Certificate (kubelet-signer)..."
time="2022-05-09T16:27:46+08:00" level=debug msg="    Reusing previously-fetched Certificate (kubelet-signer)"
time="2022-05-09T16:27:46+08:00" level=debug msg="  Generating Certificate (kubelet-serving-ca-bundle)..."
time="2022-05-09T16:27:46+08:00" level=debug msg="  Fetching Certificate (mcs)..."
time="2022-05-09T16:27:46+08:00" level=debug msg="  Reusing previously-fetched Certificate (mcs)"
time="2022-05-09T16:27:46+08:00" level=debug msg="  Fetching Root CA..."
time="2022-05-09T16:27:46+08:00" level=debug msg="  Reusing previously-fetched Root CA"
time="2022-05-09T16:27:46+08:00" level=debug msg="  Fetching Key Pair (service-account.pub)..."
time="2022-05-09T16:27:46+08:00" level=debug msg="  Generating Key Pair (service-account.pub)..."
time="2022-05-09T16:27:46+08:00" level=debug msg="Failed to marshal PKIX public key: %!s(<nil>)"
time="2022-05-09T16:27:46+08:00" level=debug msg="  Fetching Release Image Pull Spec..."
time="2022-05-09T16:27:46+08:00" level=debug msg="  Generating Release Image Pull Spec..."
time="2022-05-09T16:27:46+08:00" level=debug msg="Using internal constant for release image quay.io/openshift-release-dev/ocp-release@sha256:0dc1a4b4d9ea7954987f63e506474a4f0dc55e5f1ea5c1f6f1179e2c09eaffda"
time="2022-05-09T16:27:46+08:00" level=debug msg="  Fetching Image..."
time="2022-05-09T16:27:46+08:00" level=debug msg="  Reusing previously-fetched Image"
time="2022-05-09T16:27:46+08:00" level=debug msg="  Fetching CVO Ignore..."
time="2022-05-09T16:27:46+08:00" level=debug msg="    Fetching Common Manifests..."
time="2022-05-09T16:27:46+08:00" level=debug msg="    Reusing previously-fetched Common Manifests"
time="2022-05-09T16:27:46+08:00" level=debug msg="    Fetching Openshift Manifests..."
time="2022-05-09T16:27:46+08:00" level=debug msg="    Reusing previously-fetched Openshift Manifests"
time="2022-05-09T16:27:46+08:00" level=debug msg="  Generating CVO Ignore..."
time="2022-05-09T16:27:46+08:00" level=debug msg="Generating Bootstrap Ignition Config..."
time="2022-05-09T16:27:46+08:00" level=info msg="Consuming Common Manifests from target directory"
time="2022-05-09T16:27:46+08:00" level=debug msg="Purging asset \"Common Manifests\" from disk"
time="2022-05-09T16:27:46+08:00" level=info msg="Consuming Openshift Manifests from target directory"
time="2022-05-09T16:27:46+08:00" level=debug msg="Purging asset \"Openshift Manifests\" from disk"
time="2022-05-09T16:27:46+08:00" level=info msg="Consuming Master Machines from target directory"
time="2022-05-09T16:27:46+08:00" level=debug msg="Purging asset \"Master Machines\" from disk"
time="2022-05-09T16:27:46+08:00" level=info msg="Consuming Worker Machines from target directory"
time="2022-05-09T16:27:46+08:00" level=debug msg="Purging asset \"Worker Machines\" from disk"
time="2022-05-09T16:27:46+08:00" level=info msg="Consuming OpenShift Install (Manifests) from target directory"
time="2022-05-09T16:27:46+08:00" level=debug msg="Purging asset \"OpenShift Install (Manifests)\" from disk"
time="2022-05-09T16:27:46+08:00" level=debug msg="Fetching Metadata..."
time="2022-05-09T16:27:46+08:00" level=debug msg="Loading Metadata..."
time="2022-05-09T16:27:46+08:00" level=debug msg="  Loading Cluster ID..."
time="2022-05-09T16:27:46+08:00" level=debug msg="  Loading Install Config..."
time="2022-05-09T16:27:46+08:00" level=debug msg="  Loading Bootstrap Ignition Config..."
time="2022-05-09T16:27:46+08:00" level=debug msg="  Fetching Cluster ID..."
time="2022-05-09T16:27:46+08:00" level=debug msg="  Reusing previously-fetched Cluster ID"
time="2022-05-09T16:27:46+08:00" level=debug msg="  Fetching Install Config..."
time="2022-05-09T16:27:46+08:00" level=debug msg="  Reusing previously-fetched Install Config"
time="2022-05-09T16:27:46+08:00" level=debug msg="  Fetching Bootstrap Ignition Config..."
time="2022-05-09T16:27:46+08:00" level=debug msg="  Reusing previously-fetched Bootstrap Ignition Config"
time="2022-05-09T16:27:46+08:00" level=debug msg="Generating Metadata..."
time="2022-05-09T16:27:46+08:00" level=info msg="Ignition-Configs created in: . and auth"
time="2022-05-09T17:33:47+08:00" level=debug msg="OpenShift Installer 4.10.11"
time="2022-05-09T17:33:47+08:00" level=debug msg="Built from commit 08bc665c50ff867ffd81cfe8f485f2b7c501506b"
time="2022-05-09T17:33:47+08:00" level=info msg="Waiting up to 20m0s (until 5:53PM) for the Kubernetes API at https://api.aro.example.opentlc.com:6443..."
time="2022-05-09T17:34:17+08:00" level=debug msg="Still waiting for the Kubernetes API: Get \"https://api.aro.example.opentlc.com:6443/version\": dial tcp 20.81.113.131:6443: i/o timeout"
time="2022-05-09T17:35:02+08:00" level=debug msg="OpenShift Installer 4.10.11"
time="2022-05-09T17:35:02+08:00" level=debug msg="Built from commit 08bc665c50ff867ffd81cfe8f485f2b7c501506b"
time="2022-05-09T17:35:02+08:00" level=info msg="Waiting up to 20m0s (until 5:55PM) for the Kubernetes API at https://api.aro.example.opentlc.com:6443..."
time="2022-05-09T17:35:32+08:00" level=debug msg="Still waiting for the Kubernetes API: Get \"https://api.aro.example.opentlc.com:6443/version\": dial tcp 20.81.113.131:6443: i/o timeout"
time="2022-05-09T17:36:07+08:00" level=info msg="API v1.23.5+9ce5071 up"
time="2022-05-09T17:36:07+08:00" level=info msg="Waiting up to 30m0s (until 6:06PM) for bootstrapping to complete..."
time="2022-05-09T17:36:07+08:00" level=debug msg="Bootstrap status: complete"
time="2022-05-09T17:36:07+08:00" level=info msg="It is now safe to remove the bootstrap resources"
time="2022-05-09T17:36:07+08:00" level=debug msg="Time elapsed per stage:"
time="2022-05-09T17:36:07+08:00" level=debug msg="Bootstrap Complete: 1m6s"
time="2022-05-09T17:36:07+08:00" level=debug msg="               API: 1m5s"
time="2022-05-09T17:36:07+08:00" level=info msg="Time elapsed: 1m6s"
time="2022-05-09T18:23:34+08:00" level=debug msg="OpenShift Installer 4.10.11"
time="2022-05-09T18:23:34+08:00" level=debug msg="Built from commit 08bc665c50ff867ffd81cfe8f485f2b7c501506b"
time="2022-05-09T18:23:34+08:00" level=debug msg="Loading Install Config..."
time="2022-05-09T18:23:34+08:00" level=debug msg="  Loading SSH Key..."
time="2022-05-09T18:23:34+08:00" level=debug msg="  Using SSH Key loaded from state file"
time="2022-05-09T18:23:34+08:00" level=debug msg="  Loading Base Domain..."
time="2022-05-09T18:23:34+08:00" level=debug msg="    Loading Platform..."
time="2022-05-09T18:23:34+08:00" level=debug msg="    Using Platform loaded from state file"
time="2022-05-09T18:23:34+08:00" level=debug msg="  Using Base Domain loaded from state file"
time="2022-05-09T18:23:34+08:00" level=debug msg="  Loading Cluster Name..."
time="2022-05-09T18:23:34+08:00" level=debug msg="    Loading Base Domain..."
time="2022-05-09T18:23:34+08:00" level=debug msg="    Loading Platform..."
time="2022-05-09T18:23:34+08:00" level=debug msg="  Using Cluster Name loaded from state file"
time="2022-05-09T18:23:34+08:00" level=debug msg="  Loading Networking..."
time="2022-05-09T18:23:34+08:00" level=debug msg="    Loading Platform..."
time="2022-05-09T18:23:34+08:00" level=debug msg="  Using Networking loaded from state file"
time="2022-05-09T18:23:34+08:00" level=debug msg="  Loading Pull Secret..."
time="2022-05-09T18:23:34+08:00" level=debug msg="  Using Pull Secret loaded from state file"
time="2022-05-09T18:23:34+08:00" level=debug msg="  Loading Platform..."
time="2022-05-09T18:23:34+08:00" level=debug msg="Using Install Config loaded from state file"
time="2022-05-09T18:23:34+08:00" level=info msg="Waiting up to 40m0s (until 7:03PM) for the cluster at https://api.aro.example.opentlc.com:6443 to initialize..."
time="2022-05-09T18:23:35+08:00" level=debug msg="Cluster is initialized"
time="2022-05-09T18:23:35+08:00" level=info msg="Waiting up to 10m0s (until 6:33PM) for the openshift-console route to be created..."
time="2022-05-09T18:23:35+08:00" level=debug msg="Route found in openshift-console namespace: console"
time="2022-05-09T18:23:35+08:00" level=debug msg="OpenShift console route is admitted"
time="2022-05-09T18:23:35+08:00" level=info msg="Install complete!"
time="2022-05-09T18:23:35+08:00" level=info msg="To access the cluster as the system:admin user when using 'oc', run 'export KUBECONFIG=/root/aro08/auth/kubeconfig'"
time="2022-05-09T18:23:35+08:00" level=info msg="Access the OpenShift web-console here: https://console-openshift-console.apps.aro.example.opentlc.com"
time="2022-05-09T18:23:35+08:00" level=info msg="Login to the console with user: \"kubeadmin\", and password: \"Du8eW-CDfud-f8zr2-R7diU\""
time="2022-05-09T18:23:35+08:00" level=debug msg="Time elapsed per stage:"
time="2022-05-09T18:23:35+08:00" level=debug msg="Cluster Operators: 1s"
time="2022-05-09T18:23:35+08:00" level=debug msg="          Console: 1s"
time="2022-05-09T18:23:35+08:00" level=info msg="Time elapsed: 2s"
